0 info it worked if it ends with ok
1 verbose cli [ '/Applications/Atom.app/Contents/Resources/app/apm/bin/node',
1 verbose cli   '/Applications/Atom.app/Contents/Resources/app/apm/node_modules/npm/bin/npm-cli.js',
1 verbose cli   '--globalconfig',
1 verbose cli   '/Users/lildude/.atom/.apm/.apmrc',
1 verbose cli   '--userconfig',
1 verbose cli   '/Users/lildude/.atom/.apmrc',
1 verbose cli   'rebuild',
1 verbose cli   '--target=0.30.7',
1 verbose cli   '--arch=x64' ]
2 info using npm@2.13.3
3 info using node@v0.10.40
4 info readInstalled object
5 verbose rebuild path, id [ '/Users/lildude/.atom/packages/notational-velocity',
5 verbose rebuild   'notational-velocity@0.1.0' ]
6 verbose rebuild path, id [ '/Users/lildude/.atom/packages/notational-velocity/node_modules/fs-plus',
6 verbose rebuild   'fs-plus@2.8.0' ]
7 verbose rebuild path, id [ '/Users/lildude/.atom/packages/notational-velocity/node_modules/fs-plus/node_modules/underscore-plus',
7 verbose rebuild   'underscore-plus@1.6.6' ]
8 verbose rebuild path, id [ '/Users/lildude/.atom/packages/notational-velocity/node_modules/fs-plus/node_modules/underscore-plus/node_modules/underscore',
8 verbose rebuild   'underscore@1.6.0' ]
9 verbose rebuild path, id [ '/Users/lildude/.atom/packages/notational-velocity/node_modules/fs-plus/node_modules/mkdirp',
9 verbose rebuild   'mkdirp@0.3.5' ]
10 verbose rebuild path, id [ '/Users/lildude/.atom/packages/notational-velocity/node_modules/fs-plus/node_modules/rimraf',
10 verbose rebuild   'rimraf@2.2.8' ]
11 verbose rebuild path, id [ '/Users/lildude/.atom/packages/notational-velocity/node_modules/fs-plus/node_modules/async',
11 verbose rebuild   'async@0.2.10' ]
12 verbose rebuild path, id [ '/Users/lildude/.atom/packages/notational-velocity/node_modules/atom-space-pen-views',
12 verbose rebuild   'atom-space-pen-views@2.0.5' ]
13 verbose rebuild path, id [ '/Users/lildude/.atom/packages/notational-velocity/node_modules/atom-space-pen-views/node_modules/fuzzaldrin',
13 verbose rebuild   'fuzzaldrin@2.1.0' ]
14 verbose rebuild path, id [ '/Users/lildude/.atom/packages/notational-velocity/node_modules/atom-space-pen-views/node_modules/space-pen',
14 verbose rebuild   'space-pen@5.1.1' ]
15 verbose rebuild path, id [ '/Users/lildude/.atom/packages/notational-velocity/node_modules/atom-space-pen-views/node_modules/space-pen/node_modules/grim',
15 verbose rebuild   'grim@1.4.1' ]
16 verbose rebuild path, id [ '/Users/lildude/.atom/packages/notational-velocity/node_modules/atom-space-pen-views/node_modules/space-pen/node_modules/grim/node_modules/coffeestack',
16 verbose rebuild   'coffeestack@1.1.2' ]
17 verbose rebuild path, id [ '/Users/lildude/.atom/packages/notational-velocity/node_modules/atom-space-pen-views/node_modules/space-pen/node_modules/grim/node_modules/coffeestack/node_modules/coffee-script',
17 verbose rebuild   'coffee-script@1.8.0' ]
18 verbose rebuild path, id [ '/Users/lildude/.atom/packages/notational-velocity/node_modules/atom-space-pen-views/node_modules/space-pen/node_modules/grim/node_modules/coffeestack/node_modules/coffee-script/node_modules/mkdirp',
18 verbose rebuild   'mkdirp@0.3.5' ]
19 verbose rebuild path, id [ '/Users/lildude/.atom/packages/notational-velocity/node_modules/atom-space-pen-views/node_modules/space-pen/node_modules/grim/node_modules/coffeestack/node_modules/source-map',
19 verbose rebuild   'source-map@0.1.43' ]
20 verbose rebuild path, id [ '/Users/lildude/.atom/packages/notational-velocity/node_modules/atom-space-pen-views/node_modules/space-pen/node_modules/grim/node_modules/coffeestack/node_modules/source-map/node_modules/amdefine',
20 verbose rebuild   'amdefine@0.1.0' ]
21 verbose rebuild path, id [ '/Users/lildude/.atom/packages/notational-velocity/node_modules/atom-space-pen-views/node_modules/space-pen/node_modules/grim/node_modules/emissary',
21 verbose rebuild   'emissary@1.3.3' ]
22 verbose rebuild path, id [ '/Users/lildude/.atom/packages/notational-velocity/node_modules/atom-space-pen-views/node_modules/space-pen/node_modules/underscore-plus',
22 verbose rebuild   'underscore-plus@1.6.6' ]
23 verbose rebuild path, id [ '/Users/lildude/.atom/packages/notational-velocity/node_modules/atom-space-pen-views/node_modules/space-pen/node_modules/underscore-plus/node_modules/underscore',
23 verbose rebuild   'underscore@1.6.0' ]
24 verbose rebuild path, id [ '/Users/lildude/.atom/packages/notational-velocity/node_modules/atom-space-pen-views/node_modules/space-pen/node_modules/grim/node_modules/emissary/node_modules/mixto',
24 verbose rebuild   'mixto@1.0.0' ]
25 verbose rebuild path, id [ '/Users/lildude/.atom/packages/notational-velocity/node_modules/atom-space-pen-views/node_modules/space-pen/node_modules/grim/node_modules/emissary/node_modules/property-accessors',
25 verbose rebuild   'property-accessors@1.1.3' ]
26 verbose rebuild path, id [ '/Users/lildude/.atom/packages/notational-velocity/node_modules/atom-space-pen-views/node_modules/space-pen/node_modules/grim/node_modules/emissary/node_modules/es6-weak-map',
26 verbose rebuild   'es6-weak-map@0.1.4' ]
27 verbose rebuild path, id [ '/Users/lildude/.atom/packages/notational-velocity/node_modules/atom-space-pen-views/node_modules/space-pen/node_modules/grim/node_modules/emissary/node_modules/es6-weak-map/node_modules/d',
27 verbose rebuild   'd@0.1.1' ]
28 verbose rebuild path, id [ '/Users/lildude/.atom/packages/notational-velocity/node_modules/atom-space-pen-views/node_modules/space-pen/node_modules/grim/node_modules/emissary/node_modules/es6-weak-map/node_modules/es5-ext',
28 verbose rebuild   'es5-ext@0.10.7' ]
29 verbose rebuild path, id [ '/Users/lildude/.atom/packages/notational-velocity/node_modules/atom-space-pen-views/node_modules/space-pen/node_modules/grim/node_modules/emissary/node_modules/es6-weak-map/node_modules/es6-iterator',
29 verbose rebuild   'es6-iterator@0.1.3' ]
30 verbose rebuild path, id [ '/Users/lildude/.atom/packages/notational-velocity/node_modules/atom-space-pen-views/node_modules/space-pen/node_modules/grim/node_modules/emissary/node_modules/es6-weak-map/node_modules/es6-symbol',
30 verbose rebuild   'es6-symbol@2.0.1' ]
31 verbose rebuild path, id [ '/Users/lildude/.atom/packages/notational-velocity/node_modules/atom-space-pen-views/node_modules/space-pen/node_modules/jquery',
31 verbose rebuild   'jquery@2.1.4' ]
32 verbose rebuild path, id [ '/Users/lildude/.atom/packages/notational-velocity/node_modules/pathwatcher',
32 verbose rebuild   'pathwatcher@4.4.0' ]
33 verbose rebuild path, id [ '/Users/lildude/.atom/packages/notational-velocity/node_modules/pathwatcher/node_modules/async',
33 verbose rebuild   'async@0.2.10' ]
34 verbose rebuild path, id [ '/Users/lildude/.atom/packages/notational-velocity/node_modules/pathwatcher/node_modules/emissary',
34 verbose rebuild   'emissary@1.3.3' ]
35 verbose rebuild path, id [ '/Users/lildude/.atom/packages/notational-velocity/node_modules/pathwatcher/node_modules/underscore-plus',
35 verbose rebuild   'underscore-plus@1.6.6' ]
36 verbose rebuild path, id [ '/Users/lildude/.atom/packages/notational-velocity/node_modules/pathwatcher/node_modules/underscore-plus/node_modules/underscore',
36 verbose rebuild   'underscore@1.6.0' ]
37 verbose rebuild path, id [ '/Users/lildude/.atom/packages/notational-velocity/node_modules/pathwatcher/node_modules/emissary/node_modules/mixto',
37 verbose rebuild   'mixto@1.0.0' ]
38 verbose rebuild path, id [ '/Users/lildude/.atom/packages/notational-velocity/node_modules/pathwatcher/node_modules/emissary/node_modules/property-accessors',
38 verbose rebuild   'property-accessors@1.1.3' ]
39 verbose rebuild path, id [ '/Users/lildude/.atom/packages/notational-velocity/node_modules/pathwatcher/node_modules/emissary/node_modules/es6-weak-map',
39 verbose rebuild   'es6-weak-map@0.1.4' ]
40 verbose rebuild path, id [ '/Users/lildude/.atom/packages/notational-velocity/node_modules/pathwatcher/node_modules/emissary/node_modules/es6-weak-map/node_modules/d',
40 verbose rebuild   'd@0.1.1' ]
41 verbose rebuild path, id [ '/Users/lildude/.atom/packages/notational-velocity/node_modules/pathwatcher/node_modules/emissary/node_modules/es6-weak-map/node_modules/es5-ext',
41 verbose rebuild   'es5-ext@0.10.7' ]
42 verbose rebuild path, id [ '/Users/lildude/.atom/packages/notational-velocity/node_modules/pathwatcher/node_modules/emissary/node_modules/es6-weak-map/node_modules/es6-iterator',
42 verbose rebuild   'es6-iterator@0.1.3' ]
43 verbose rebuild path, id [ '/Users/lildude/.atom/packages/notational-velocity/node_modules/pathwatcher/node_modules/emissary/node_modules/es6-weak-map/node_modules/es6-symbol',
43 verbose rebuild   'es6-symbol@2.0.1' ]
44 verbose rebuild path, id [ '/Users/lildude/.atom/packages/notational-velocity/node_modules/pathwatcher/node_modules/event-kit',
44 verbose rebuild   'event-kit@1.1.1' ]
45 verbose rebuild path, id [ '/Users/lildude/.atom/packages/notational-velocity/node_modules/pathwatcher/node_modules/grim',
45 verbose rebuild   'grim@1.4.1' ]
46 verbose rebuild path, id [ '/Users/lildude/.atom/packages/notational-velocity/node_modules/pathwatcher/node_modules/grim/node_modules/coffeestack',
46 verbose rebuild   'coffeestack@1.1.2' ]
47 verbose rebuild path, id [ '/Users/lildude/.atom/packages/notational-velocity/node_modules/pathwatcher/node_modules/grim/node_modules/coffeestack/node_modules/coffee-script',
47 verbose rebuild   'coffee-script@1.8.0' ]
48 verbose rebuild path, id [ '/Users/lildude/.atom/packages/notational-velocity/node_modules/pathwatcher/node_modules/grim/node_modules/coffeestack/node_modules/coffee-script/node_modules/mkdirp',
48 verbose rebuild   'mkdirp@0.3.5' ]
49 verbose rebuild path, id [ '/Users/lildude/.atom/packages/notational-velocity/node_modules/pathwatcher/node_modules/grim/node_modules/coffeestack/node_modules/source-map',
49 verbose rebuild   'source-map@0.1.43' ]
50 verbose rebuild path, id [ '/Users/lildude/.atom/packages/notational-velocity/node_modules/pathwatcher/node_modules/grim/node_modules/coffeestack/node_modules/source-map/node_modules/amdefine',
50 verbose rebuild   'amdefine@0.1.0' ]
51 verbose rebuild path, id [ '/Users/lildude/.atom/packages/notational-velocity/node_modules/pathwatcher/node_modules/iconv-lite',
51 verbose rebuild   'iconv-lite@0.4.8' ]
52 verbose rebuild path, id [ '/Users/lildude/.atom/packages/notational-velocity/node_modules/pathwatcher/node_modules/nan',
52 verbose rebuild   'nan@1.6.1' ]
53 verbose rebuild path, id [ '/Users/lildude/.atom/packages/notational-velocity/node_modules/pathwatcher/node_modules/q',
53 verbose rebuild   'q@1.4.0' ]
54 verbose rebuild path, id [ '/Users/lildude/.atom/packages/notational-velocity/node_modules/pathwatcher/node_modules/runas',
54 verbose rebuild   'runas@2.0.0' ]
55 silly rebuild set [ '/Users/lildude/.atom/packages/notational-velocity/node_modules/fs-plus',
55 silly rebuild set   '/Users/lildude/.atom/packages/notational-velocity/node_modules/fs-plus/node_modules/underscore-plus',
55 silly rebuild set   '/Users/lildude/.atom/packages/notational-velocity/node_modules/fs-plus/node_modules/underscore-plus/node_modules/underscore',
55 silly rebuild set   '/Users/lildude/.atom/packages/notational-velocity/node_modules/fs-plus/node_modules/mkdirp',
55 silly rebuild set   '/Users/lildude/.atom/packages/notational-velocity/node_modules/fs-plus/node_modules/rimraf',
55 silly rebuild set   '/Users/lildude/.atom/packages/notational-velocity/node_modules/fs-plus/node_modules/async',
55 silly rebuild set   '/Users/lildude/.atom/packages/notational-velocity/node_modules/atom-space-pen-views',
55 silly rebuild set   '/Users/lildude/.atom/packages/notational-velocity/node_modules/atom-space-pen-views/node_modules/fuzzaldrin',
55 silly rebuild set   '/Users/lildude/.atom/packages/notational-velocity/node_modules/atom-space-pen-views/node_modules/space-pen',
55 silly rebuild set   '/Users/lildude/.atom/packages/notational-velocity/node_modules/atom-space-pen-views/node_modules/space-pen/node_modules/grim',
55 silly rebuild set   '/Users/lildude/.atom/packages/notational-velocity/node_modules/atom-space-pen-views/node_modules/space-pen/node_modules/grim/node_modules/coffeestack',
55 silly rebuild set   '/Users/lildude/.atom/packages/notational-velocity/node_modules/atom-space-pen-views/node_modules/space-pen/node_modules/grim/node_modules/coffeestack/node_modules/coffee-script',
55 silly rebuild set   '/Users/lildude/.atom/packages/notational-velocity/node_modules/atom-space-pen-views/node_modules/space-pen/node_modules/grim/node_modules/coffeestack/node_modules/coffee-script/node_modules/mkdirp',
55 silly rebuild set   '/Users/lildude/.atom/packages/notational-velocity/node_modules/atom-space-pen-views/node_modules/space-pen/node_modules/grim/node_modules/coffeestack/node_modules/source-map',
55 silly rebuild set   '/Users/lildude/.atom/packages/notational-velocity/node_modules/atom-space-pen-views/node_modules/space-pen/node_modules/grim/node_modules/coffeestack/node_modules/source-map/node_modules/amdefine',
55 silly rebuild set   '/Users/lildude/.atom/packages/notational-velocity/node_modules/atom-space-pen-views/node_modules/space-pen/node_modules/grim/node_modules/emissary',
55 silly rebuild set   '/Users/lildude/.atom/packages/notational-velocity/node_modules/atom-space-pen-views/node_modules/space-pen/node_modules/underscore-plus',
55 silly rebuild set   '/Users/lildude/.atom/packages/notational-velocity/node_modules/atom-space-pen-views/node_modules/space-pen/node_modules/underscore-plus/node_modules/underscore',
55 silly rebuild set   '/Users/lildude/.atom/packages/notational-velocity/node_modules/atom-space-pen-views/node_modules/space-pen/node_modules/grim/node_modules/emissary/node_modules/mixto',
55 silly rebuild set   '/Users/lildude/.atom/packages/notational-velocity/node_modules/atom-space-pen-views/node_modules/space-pen/node_modules/grim/node_modules/emissary/node_modules/property-accessors',
55 silly rebuild set   '/Users/lildude/.atom/packages/notational-velocity/node_modules/atom-space-pen-views/node_modules/space-pen/node_modules/grim/node_modules/emissary/node_modules/es6-weak-map',
55 silly rebuild set   '/Users/lildude/.atom/packages/notational-velocity/node_modules/atom-space-pen-views/node_modules/space-pen/node_modules/grim/node_modules/emissary/node_modules/es6-weak-map/node_modules/d',
55 silly rebuild set   '/Users/lildude/.atom/packages/notational-velocity/node_modules/atom-space-pen-views/node_modules/space-pen/node_modules/grim/node_modules/emissary/node_modules/es6-weak-map/node_modules/es5-ext',
55 silly rebuild set   '/Users/lildude/.atom/packages/notational-velocity/node_modules/atom-space-pen-views/node_modules/space-pen/node_modules/grim/node_modules/emissary/node_modules/es6-weak-map/node_modules/es6-iterator',
55 silly rebuild set   '/Users/lildude/.atom/packages/notational-velocity/node_modules/atom-space-pen-views/node_modules/space-pen/node_modules/grim/node_modules/emissary/node_modules/es6-weak-map/node_modules/es6-symbol',
55 silly rebuild set   '/Users/lildude/.atom/packages/notational-velocity/node_modules/atom-space-pen-views/node_modules/space-pen/node_modules/jquery',
55 silly rebuild set   '/Users/lildude/.atom/packages/notational-velocity/node_modules/pathwatcher',
55 silly rebuild set   '/Users/lildude/.atom/packages/notational-velocity/node_modules/pathwatcher/node_modules/async',
55 silly rebuild set   '/Users/lildude/.atom/packages/notational-velocity/node_modules/pathwatcher/node_modules/emissary',
55 silly rebuild set   '/Users/lildude/.atom/packages/notational-velocity/node_modules/pathwatcher/node_modules/underscore-plus',
55 silly rebuild set   '/Users/lildude/.atom/packages/notational-velocity/node_modules/pathwatcher/node_modules/underscore-plus/node_modules/underscore',
55 silly rebuild set   '/Users/lildude/.atom/packages/notational-velocity/node_modules/pathwatcher/node_modules/emissary/node_modules/mixto',
55 silly rebuild set   '/Users/lildude/.atom/packages/notational-velocity/node_modules/pathwatcher/node_modules/emissary/node_modules/property-accessors',
55 silly rebuild set   '/Users/lildude/.atom/packages/notational-velocity/node_modules/pathwatcher/node_modules/emissary/node_modules/es6-weak-map',
55 silly rebuild set   '/Users/lildude/.atom/packages/notational-velocity/node_modules/pathwatcher/node_modules/emissary/node_modules/es6-weak-map/node_modules/d',
55 silly rebuild set   '/Users/lildude/.atom/packages/notational-velocity/node_modules/pathwatcher/node_modules/emissary/node_modules/es6-weak-map/node_modules/es5-ext',
55 silly rebuild set   '/Users/lildude/.atom/packages/notational-velocity/node_modules/pathwatcher/node_modules/emissary/node_modules/es6-weak-map/node_modules/es6-iterator',
55 silly rebuild set   '/Users/lildude/.atom/packages/notational-velocity/node_modules/pathwatcher/node_modules/emissary/node_modules/es6-weak-map/node_modules/es6-symbol',
55 silly rebuild set   '/Users/lildude/.atom/packages/notational-velocity/node_modules/pathwatcher/node_modules/event-kit',
55 silly rebuild set   '/Users/lildude/.atom/packages/notational-velocity/node_modules/pathwatcher/node_modules/grim',
55 silly rebuild set   '/Users/lildude/.atom/packages/notational-velocity/node_modules/pathwatcher/node_modules/grim/node_modules/coffeestack',
55 silly rebuild set   '/Users/lildude/.atom/packages/notational-velocity/node_modules/pathwatcher/node_modules/grim/node_modules/coffeestack/node_modules/coffee-script',
55 silly rebuild set   '/Users/lildude/.atom/packages/notational-velocity/node_modules/pathwatcher/node_modules/grim/node_modules/coffeestack/node_modules/coffee-script/node_modules/mkdirp',
55 silly rebuild set   '/Users/lildude/.atom/packages/notational-velocity/node_modules/pathwatcher/node_modules/grim/node_modules/coffeestack/node_modules/source-map',
55 silly rebuild set   '/Users/lildude/.atom/packages/notational-velocity/node_modules/pathwatcher/node_modules/grim/node_modules/coffeestack/node_modules/source-map/node_modules/amdefine',
55 silly rebuild set   '/Users/lildude/.atom/packages/notational-velocity/node_modules/pathwatcher/node_modules/iconv-lite',
55 silly rebuild set   '/Users/lildude/.atom/packages/notational-velocity/node_modules/pathwatcher/node_modules/nan',
55 silly rebuild set   '/Users/lildude/.atom/packages/notational-velocity/node_modules/pathwatcher/node_modules/q',
55 silly rebuild set   '/Users/lildude/.atom/packages/notational-velocity/node_modules/pathwatcher/node_modules/runas' ]
56 info build /Users/lildude/.atom/packages/notational-velocity/node_modules/fs-plus
57 info preinstall fs-plus@2.8.0
58 info linkStuff fs-plus@2.8.0
59 silly linkStuff fs-plus@2.8.0 has /Users/lildude/.atom/packages/notational-velocity/node_modules as its parent node_modules
60 verbose linkBins fs-plus@2.8.0
61 verbose linkMans fs-plus@2.8.0
62 verbose rebuildBundles fs-plus@2.8.0
63 verbose rebuildBundles [ '.bin', 'async', 'mkdirp', 'rimraf', 'underscore-plus' ]
64 info install fs-plus@2.8.0
65 info postinstall fs-plus@2.8.0
66 info build /Users/lildude/.atom/packages/notational-velocity/node_modules/fs-plus/node_modules/underscore-plus
67 info preinstall underscore-plus@1.6.6
68 info linkStuff underscore-plus@1.6.6
69 silly linkStuff underscore-plus@1.6.6 has /Users/lildude/.atom/packages/notational-velocity/node_modules/fs-plus/node_modules as its parent node_modules
70 verbose linkBins underscore-plus@1.6.6
71 verbose linkMans underscore-plus@1.6.6
72 verbose rebuildBundles underscore-plus@1.6.6
73 verbose rebuildBundles [ 'underscore' ]
74 info install underscore-plus@1.6.6
75 info postinstall underscore-plus@1.6.6
76 info build /Users/lildude/.atom/packages/notational-velocity/node_modules/fs-plus/node_modules/underscore-plus/node_modules/underscore
77 info preinstall underscore@1.6.0
78 info linkStuff underscore@1.6.0
79 silly linkStuff underscore@1.6.0 has /Users/lildude/.atom/packages/notational-velocity/node_modules/fs-plus/node_modules/underscore-plus/node_modules as its parent node_modules
80 verbose linkBins underscore@1.6.0
81 verbose linkMans underscore@1.6.0
82 verbose rebuildBundles underscore@1.6.0
83 info install underscore@1.6.0
84 info postinstall underscore@1.6.0
85 info build /Users/lildude/.atom/packages/notational-velocity/node_modules/fs-plus/node_modules/mkdirp
86 info preinstall mkdirp@0.3.5
87 info linkStuff mkdirp@0.3.5
88 silly linkStuff mkdirp@0.3.5 has /Users/lildude/.atom/packages/notational-velocity/node_modules/fs-plus/node_modules as its parent node_modules
89 verbose linkBins mkdirp@0.3.5
90 verbose linkMans mkdirp@0.3.5
91 verbose rebuildBundles mkdirp@0.3.5
92 info install mkdirp@0.3.5
93 info postinstall mkdirp@0.3.5
94 info build /Users/lildude/.atom/packages/notational-velocity/node_modules/fs-plus/node_modules/rimraf
95 info preinstall rimraf@2.2.8
96 info linkStuff rimraf@2.2.8
97 silly linkStuff rimraf@2.2.8 has /Users/lildude/.atom/packages/notational-velocity/node_modules/fs-plus/node_modules as its parent node_modules
98 verbose linkBins rimraf@2.2.8
99 verbose link bins [ { rimraf: './bin.js' },
99 verbose link bins   '/Users/lildude/.atom/packages/notational-velocity/node_modules/fs-plus/node_modules/.bin',
99 verbose link bins   false ]
100 verbose linkMans rimraf@2.2.8
101 verbose rebuildBundles rimraf@2.2.8
102 silly gentlyRm /Users/lildude/.atom/packages/notational-velocity/node_modules/fs-plus/node_modules/.bin/rimraf is being purged
103 verbose gentlyRm don't care about contents; nuking /Users/lildude/.atom/packages/notational-velocity/node_modules/fs-plus/node_modules/.bin/rimraf
104 silly vacuum-fs purging /Users/lildude/.atom/packages/notational-velocity/node_modules/fs-plus/node_modules/.bin/rimraf
105 silly vacuum-fs removing /Users/lildude/.atom/packages/notational-velocity/node_modules/fs-plus/node_modules/.bin
106 silly vacuum-fs quitting because other entries in /Users/lildude/.atom/packages/notational-velocity/node_modules/fs-plus/node_modules
107 info install rimraf@2.2.8
108 info postinstall rimraf@2.2.8
109 info build /Users/lildude/.atom/packages/notational-velocity/node_modules/fs-plus/node_modules/async
110 info preinstall async@0.2.10
111 info linkStuff async@0.2.10
112 silly linkStuff async@0.2.10 has /Users/lildude/.atom/packages/notational-velocity/node_modules/fs-plus/node_modules as its parent node_modules
113 verbose linkBins async@0.2.10
114 verbose linkMans async@0.2.10
115 verbose rebuildBundles async@0.2.10
116 info install async@0.2.10
117 info postinstall async@0.2.10
118 info build /Users/lildude/.atom/packages/notational-velocity/node_modules/atom-space-pen-views
119 info preinstall atom-space-pen-views@2.0.5
120 info linkStuff atom-space-pen-views@2.0.5
121 silly linkStuff atom-space-pen-views@2.0.5 has /Users/lildude/.atom/packages/notational-velocity/node_modules as its parent node_modules
122 verbose linkBins atom-space-pen-views@2.0.5
123 verbose linkMans atom-space-pen-views@2.0.5
124 verbose rebuildBundles atom-space-pen-views@2.0.5
125 verbose rebuildBundles [ 'fuzzaldrin', 'space-pen' ]
126 info install atom-space-pen-views@2.0.5
127 info postinstall atom-space-pen-views@2.0.5
128 info build /Users/lildude/.atom/packages/notational-velocity/node_modules/atom-space-pen-views/node_modules/fuzzaldrin
129 info preinstall fuzzaldrin@2.1.0
130 info linkStuff fuzzaldrin@2.1.0
131 silly linkStuff fuzzaldrin@2.1.0 has /Users/lildude/.atom/packages/notational-velocity/node_modules/atom-space-pen-views/node_modules as its parent node_modules
132 verbose linkBins fuzzaldrin@2.1.0
133 verbose linkMans fuzzaldrin@2.1.0
134 verbose rebuildBundles fuzzaldrin@2.1.0
135 info install fuzzaldrin@2.1.0
136 info postinstall fuzzaldrin@2.1.0
137 info build /Users/lildude/.atom/packages/notational-velocity/node_modules/atom-space-pen-views/node_modules/space-pen
138 info preinstall space-pen@5.1.1
139 info linkStuff space-pen@5.1.1
140 silly linkStuff space-pen@5.1.1 has /Users/lildude/.atom/packages/notational-velocity/node_modules/atom-space-pen-views/node_modules as its parent node_modules
141 verbose linkBins space-pen@5.1.1
142 verbose linkMans space-pen@5.1.1
143 verbose rebuildBundles space-pen@5.1.1
144 verbose rebuildBundles [ 'grim', 'jquery', 'underscore-plus' ]
145 info install space-pen@5.1.1
146 info postinstall space-pen@5.1.1
147 info build /Users/lildude/.atom/packages/notational-velocity/node_modules/atom-space-pen-views/node_modules/space-pen/node_modules/grim
148 info preinstall grim@1.4.1
149 info linkStuff grim@1.4.1
150 silly linkStuff grim@1.4.1 has /Users/lildude/.atom/packages/notational-velocity/node_modules/atom-space-pen-views/node_modules/space-pen/node_modules as its parent node_modules
151 verbose linkBins grim@1.4.1
152 verbose linkMans grim@1.4.1
153 verbose rebuildBundles grim@1.4.1
154 verbose rebuildBundles [ 'coffeestack', 'emissary' ]
155 info install grim@1.4.1
156 info postinstall grim@1.4.1
157 info build /Users/lildude/.atom/packages/notational-velocity/node_modules/atom-space-pen-views/node_modules/space-pen/node_modules/grim/node_modules/coffeestack
158 info preinstall coffeestack@1.1.2
159 info linkStuff coffeestack@1.1.2
160 silly linkStuff coffeestack@1.1.2 has /Users/lildude/.atom/packages/notational-velocity/node_modules/atom-space-pen-views/node_modules/space-pen/node_modules/grim/node_modules as its parent node_modules
161 verbose linkBins coffeestack@1.1.2
162 verbose linkMans coffeestack@1.1.2
163 verbose rebuildBundles coffeestack@1.1.2
164 verbose rebuildBundles [ '.bin', 'coffee-script', 'source-map' ]
165 info install coffeestack@1.1.2
166 info postinstall coffeestack@1.1.2
167 info build /Users/lildude/.atom/packages/notational-velocity/node_modules/atom-space-pen-views/node_modules/space-pen/node_modules/grim/node_modules/coffeestack/node_modules/coffee-script
168 info preinstall coffee-script@1.8.0
169 info linkStuff coffee-script@1.8.0
170 silly linkStuff coffee-script@1.8.0 has /Users/lildude/.atom/packages/notational-velocity/node_modules/atom-space-pen-views/node_modules/space-pen/node_modules/grim/node_modules/coffeestack/node_modules as its parent node_modules
171 verbose linkBins coffee-script@1.8.0
172 verbose link bins [ { coffee: './bin/coffee', cake: './bin/cake' },
172 verbose link bins   '/Users/lildude/.atom/packages/notational-velocity/node_modules/atom-space-pen-views/node_modules/space-pen/node_modules/grim/node_modules/coffeestack/node_modules/.bin',
172 verbose link bins   false ]
173 verbose linkMans coffee-script@1.8.0
174 verbose rebuildBundles coffee-script@1.8.0
175 verbose rebuildBundles [ 'mkdirp' ]
176 silly gentlyRm /Users/lildude/.atom/packages/notational-velocity/node_modules/atom-space-pen-views/node_modules/space-pen/node_modules/grim/node_modules/coffeestack/node_modules/.bin/coffee is being purged
177 verbose gentlyRm don't care about contents; nuking /Users/lildude/.atom/packages/notational-velocity/node_modules/atom-space-pen-views/node_modules/space-pen/node_modules/grim/node_modules/coffeestack/node_modules/.bin/coffee
178 silly gentlyRm /Users/lildude/.atom/packages/notational-velocity/node_modules/atom-space-pen-views/node_modules/space-pen/node_modules/grim/node_modules/coffeestack/node_modules/.bin/cake is being purged
179 verbose gentlyRm don't care about contents; nuking /Users/lildude/.atom/packages/notational-velocity/node_modules/atom-space-pen-views/node_modules/space-pen/node_modules/grim/node_modules/coffeestack/node_modules/.bin/cake
180 silly vacuum-fs purging /Users/lildude/.atom/packages/notational-velocity/node_modules/atom-space-pen-views/node_modules/space-pen/node_modules/grim/node_modules/coffeestack/node_modules/.bin/coffee
181 silly vacuum-fs purging /Users/lildude/.atom/packages/notational-velocity/node_modules/atom-space-pen-views/node_modules/space-pen/node_modules/grim/node_modules/coffeestack/node_modules/.bin/cake
182 silly vacuum-fs removing /Users/lildude/.atom/packages/notational-velocity/node_modules/atom-space-pen-views/node_modules/space-pen/node_modules/grim/node_modules/coffeestack/node_modules/.bin
183 silly vacuum-fs removing /Users/lildude/.atom/packages/notational-velocity/node_modules/atom-space-pen-views/node_modules/space-pen/node_modules/grim/node_modules/coffeestack/node_modules/.bin
184 silly vacuum-fs quitting because other entries in /Users/lildude/.atom/packages/notational-velocity/node_modules/atom-space-pen-views/node_modules/space-pen/node_modules/grim/node_modules/coffeestack/node_modules
185 silly vacuum-fs quitting because new (racy) entries in /Users/lildude/.atom/packages/notational-velocity/node_modules/atom-space-pen-views/node_modules/space-pen/node_modules/grim/node_modules/coffeestack/node_modules/.bin
186 info install coffee-script@1.8.0
187 info postinstall coffee-script@1.8.0
188 info build /Users/lildude/.atom/packages/notational-velocity/node_modules/atom-space-pen-views/node_modules/space-pen/node_modules/grim/node_modules/coffeestack/node_modules/coffee-script/node_modules/mkdirp
189 info preinstall mkdirp@0.3.5
190 info linkStuff mkdirp@0.3.5
191 silly linkStuff mkdirp@0.3.5 has /Users/lildude/.atom/packages/notational-velocity/node_modules/atom-space-pen-views/node_modules/space-pen/node_modules/grim/node_modules/coffeestack/node_modules/coffee-script/node_modules as its parent node_modules
192 verbose linkBins mkdirp@0.3.5
193 verbose linkMans mkdirp@0.3.5
194 verbose rebuildBundles mkdirp@0.3.5
195 info install mkdirp@0.3.5
196 info postinstall mkdirp@0.3.5
197 info build /Users/lildude/.atom/packages/notational-velocity/node_modules/atom-space-pen-views/node_modules/space-pen/node_modules/grim/node_modules/coffeestack/node_modules/source-map
198 info preinstall source-map@0.1.43
199 info linkStuff source-map@0.1.43
200 silly linkStuff source-map@0.1.43 has /Users/lildude/.atom/packages/notational-velocity/node_modules/atom-space-pen-views/node_modules/space-pen/node_modules/grim/node_modules/coffeestack/node_modules as its parent node_modules
201 verbose linkBins source-map@0.1.43
202 verbose linkMans source-map@0.1.43
203 verbose rebuildBundles source-map@0.1.43
204 verbose rebuildBundles [ 'amdefine' ]
205 info install source-map@0.1.43
206 info postinstall source-map@0.1.43
207 info build /Users/lildude/.atom/packages/notational-velocity/node_modules/atom-space-pen-views/node_modules/space-pen/node_modules/grim/node_modules/coffeestack/node_modules/source-map/node_modules/amdefine
208 info preinstall amdefine@0.1.0
209 info linkStuff amdefine@0.1.0
210 silly linkStuff amdefine@0.1.0 has /Users/lildude/.atom/packages/notational-velocity/node_modules/atom-space-pen-views/node_modules/space-pen/node_modules/grim/node_modules/coffeestack/node_modules/source-map/node_modules as its parent node_modules
211 verbose linkBins amdefine@0.1.0
212 verbose linkMans amdefine@0.1.0
213 verbose rebuildBundles amdefine@0.1.0
214 info install amdefine@0.1.0
215 info postinstall amdefine@0.1.0
216 info build /Users/lildude/.atom/packages/notational-velocity/node_modules/atom-space-pen-views/node_modules/space-pen/node_modules/grim/node_modules/emissary
217 info preinstall emissary@1.3.3
218 info linkStuff emissary@1.3.3
219 silly linkStuff emissary@1.3.3 has /Users/lildude/.atom/packages/notational-velocity/node_modules/atom-space-pen-views/node_modules/space-pen/node_modules/grim/node_modules as its parent node_modules
220 verbose linkBins emissary@1.3.3
221 verbose linkMans emissary@1.3.3
222 verbose rebuildBundles emissary@1.3.3
223 verbose rebuildBundles [ 'es6-weak-map', 'mixto', 'property-accessors' ]
224 info install emissary@1.3.3
225 info postinstall emissary@1.3.3
226 info build /Users/lildude/.atom/packages/notational-velocity/node_modules/atom-space-pen-views/node_modules/space-pen/node_modules/underscore-plus
227 info preinstall underscore-plus@1.6.6
228 info linkStuff underscore-plus@1.6.6
229 silly linkStuff underscore-plus@1.6.6 has /Users/lildude/.atom/packages/notational-velocity/node_modules/atom-space-pen-views/node_modules/space-pen/node_modules as its parent node_modules
230 verbose linkBins underscore-plus@1.6.6
231 verbose linkMans underscore-plus@1.6.6
232 verbose rebuildBundles underscore-plus@1.6.6
233 verbose rebuildBundles [ 'underscore' ]
234 info install underscore-plus@1.6.6
235 info postinstall underscore-plus@1.6.6
236 info build /Users/lildude/.atom/packages/notational-velocity/node_modules/atom-space-pen-views/node_modules/space-pen/node_modules/underscore-plus/node_modules/underscore
237 info preinstall underscore@1.6.0
238 info linkStuff underscore@1.6.0
239 silly linkStuff underscore@1.6.0 has /Users/lildude/.atom/packages/notational-velocity/node_modules/atom-space-pen-views/node_modules/space-pen/node_modules/underscore-plus/node_modules as its parent node_modules
240 verbose linkBins underscore@1.6.0
241 verbose linkMans underscore@1.6.0
242 verbose rebuildBundles underscore@1.6.0
243 info install underscore@1.6.0
244 info postinstall underscore@1.6.0
245 info build /Users/lildude/.atom/packages/notational-velocity/node_modules/atom-space-pen-views/node_modules/space-pen/node_modules/grim/node_modules/emissary/node_modules/mixto
246 info preinstall mixto@1.0.0
247 info linkStuff mixto@1.0.0
248 silly linkStuff mixto@1.0.0 has /Users/lildude/.atom/packages/notational-velocity/node_modules/atom-space-pen-views/node_modules/space-pen/node_modules/grim/node_modules/emissary/node_modules as its parent node_modules
249 verbose linkBins mixto@1.0.0
250 verbose linkMans mixto@1.0.0
251 verbose rebuildBundles mixto@1.0.0
252 info install mixto@1.0.0
253 info postinstall mixto@1.0.0
254 info build /Users/lildude/.atom/packages/notational-velocity/node_modules/atom-space-pen-views/node_modules/space-pen/node_modules/grim/node_modules/emissary/node_modules/property-accessors
255 info preinstall property-accessors@1.1.3
256 info linkStuff property-accessors@1.1.3
257 silly linkStuff property-accessors@1.1.3 has /Users/lildude/.atom/packages/notational-velocity/node_modules/atom-space-pen-views/node_modules/space-pen/node_modules/grim/node_modules/emissary/node_modules as its parent node_modules
258 verbose linkBins property-accessors@1.1.3
259 verbose linkMans property-accessors@1.1.3
260 verbose rebuildBundles property-accessors@1.1.3
261 info install property-accessors@1.1.3
262 info postinstall property-accessors@1.1.3
263 info build /Users/lildude/.atom/packages/notational-velocity/node_modules/atom-space-pen-views/node_modules/space-pen/node_modules/grim/node_modules/emissary/node_modules/es6-weak-map
264 info preinstall es6-weak-map@0.1.4
265 info linkStuff es6-weak-map@0.1.4
266 silly linkStuff es6-weak-map@0.1.4 has /Users/lildude/.atom/packages/notational-velocity/node_modules/atom-space-pen-views/node_modules/space-pen/node_modules/grim/node_modules/emissary/node_modules as its parent node_modules
267 verbose linkBins es6-weak-map@0.1.4
268 verbose linkMans es6-weak-map@0.1.4
269 verbose rebuildBundles es6-weak-map@0.1.4
270 verbose rebuildBundles [ 'd', 'es5-ext', 'es6-iterator', 'es6-symbol' ]
271 info install es6-weak-map@0.1.4
272 info postinstall es6-weak-map@0.1.4
273 info build /Users/lildude/.atom/packages/notational-velocity/node_modules/atom-space-pen-views/node_modules/space-pen/node_modules/grim/node_modules/emissary/node_modules/es6-weak-map/node_modules/d
274 info preinstall d@0.1.1
275 info linkStuff d@0.1.1
276 silly linkStuff d@0.1.1 has /Users/lildude/.atom/packages/notational-velocity/node_modules/atom-space-pen-views/node_modules/space-pen/node_modules/grim/node_modules/emissary/node_modules/es6-weak-map/node_modules as its parent node_modules
277 verbose linkBins d@0.1.1
278 verbose linkMans d@0.1.1
279 verbose rebuildBundles d@0.1.1
280 info install d@0.1.1
281 info postinstall d@0.1.1
282 info build /Users/lildude/.atom/packages/notational-velocity/node_modules/atom-space-pen-views/node_modules/space-pen/node_modules/grim/node_modules/emissary/node_modules/es6-weak-map/node_modules/es5-ext
283 info preinstall es5-ext@0.10.7
284 info linkStuff es5-ext@0.10.7
285 silly linkStuff es5-ext@0.10.7 has /Users/lildude/.atom/packages/notational-velocity/node_modules/atom-space-pen-views/node_modules/space-pen/node_modules/grim/node_modules/emissary/node_modules/es6-weak-map/node_modules as its parent node_modules
286 verbose linkBins es5-ext@0.10.7
287 verbose linkMans es5-ext@0.10.7
288 verbose rebuildBundles es5-ext@0.10.7
289 info install es5-ext@0.10.7
290 info postinstall es5-ext@0.10.7
291 info build /Users/lildude/.atom/packages/notational-velocity/node_modules/atom-space-pen-views/node_modules/space-pen/node_modules/grim/node_modules/emissary/node_modules/es6-weak-map/node_modules/es6-iterator
292 info preinstall es6-iterator@0.1.3
293 info linkStuff es6-iterator@0.1.3
294 silly linkStuff es6-iterator@0.1.3 has /Users/lildude/.atom/packages/notational-velocity/node_modules/atom-space-pen-views/node_modules/space-pen/node_modules/grim/node_modules/emissary/node_modules/es6-weak-map/node_modules as its parent node_modules
295 verbose linkBins es6-iterator@0.1.3
296 verbose linkMans es6-iterator@0.1.3
297 verbose rebuildBundles es6-iterator@0.1.3
298 info install es6-iterator@0.1.3
299 info postinstall es6-iterator@0.1.3
300 info build /Users/lildude/.atom/packages/notational-velocity/node_modules/atom-space-pen-views/node_modules/space-pen/node_modules/grim/node_modules/emissary/node_modules/es6-weak-map/node_modules/es6-symbol
301 info preinstall es6-symbol@2.0.1
302 info linkStuff es6-symbol@2.0.1
303 silly linkStuff es6-symbol@2.0.1 has /Users/lildude/.atom/packages/notational-velocity/node_modules/atom-space-pen-views/node_modules/space-pen/node_modules/grim/node_modules/emissary/node_modules/es6-weak-map/node_modules as its parent node_modules
304 verbose linkBins es6-symbol@2.0.1
305 verbose linkMans es6-symbol@2.0.1
306 verbose rebuildBundles es6-symbol@2.0.1
307 info install es6-symbol@2.0.1
308 info postinstall es6-symbol@2.0.1
309 info build /Users/lildude/.atom/packages/notational-velocity/node_modules/atom-space-pen-views/node_modules/space-pen/node_modules/jquery
310 info preinstall jquery@2.1.4
311 info linkStuff jquery@2.1.4
312 silly linkStuff jquery@2.1.4 has /Users/lildude/.atom/packages/notational-velocity/node_modules/atom-space-pen-views/node_modules/space-pen/node_modules as its parent node_modules
313 verbose linkBins jquery@2.1.4
314 verbose linkMans jquery@2.1.4
315 verbose rebuildBundles jquery@2.1.4
316 info install jquery@2.1.4
317 info postinstall jquery@2.1.4
318 info build /Users/lildude/.atom/packages/notational-velocity/node_modules/pathwatcher
319 info preinstall pathwatcher@4.4.0
320 info linkStuff pathwatcher@4.4.0
321 silly linkStuff pathwatcher@4.4.0 has /Users/lildude/.atom/packages/notational-velocity/node_modules as its parent node_modules
322 verbose linkBins pathwatcher@4.4.0
323 verbose linkMans pathwatcher@4.4.0
324 verbose rebuildBundles pathwatcher@4.4.0
325 verbose rebuildBundles [ 'async',
325 verbose rebuildBundles   'emissary',
325 verbose rebuildBundles   'event-kit',
325 verbose rebuildBundles   'grim',
325 verbose rebuildBundles   'iconv-lite',
325 verbose rebuildBundles   'nan',
325 verbose rebuildBundles   'q',
325 verbose rebuildBundles   'runas',
325 verbose rebuildBundles   'underscore-plus' ]
326 info install pathwatcher@4.4.0
327 verbose unsafe-perm in lifecycle true
328 info pathwatcher@4.4.0 Failed to exec install script
329 verbose stack Error: pathwatcher@4.4.0 install: `node-gyp rebuild`
329 verbose stack Exit status 1
329 verbose stack     at EventEmitter.<anonymous> (/Applications/Atom.app/Contents/Resources/app/apm/node_modules/npm/lib/utils/lifecycle.js:214:16)
329 verbose stack     at EventEmitter.emit (events.js:98:17)
329 verbose stack     at ChildProcess.<anonymous> (/Applications/Atom.app/Contents/Resources/app/apm/node_modules/npm/lib/utils/spawn.js:24:14)
329 verbose stack     at ChildProcess.emit (events.js:98:17)
329 verbose stack     at maybeClose (child_process.js:766:16)
329 verbose stack     at Process.ChildProcess._handle.onexit (child_process.js:833:5)
330 verbose pkgid pathwatcher@4.4.0
331 verbose cwd /Users/lildude/.atom/packages/notational-velocity
332 error Darwin 15.0.0
333 error argv "/Applications/Atom.app/Contents/Resources/app/apm/bin/node" "/Applications/Atom.app/Contents/Resources/app/apm/node_modules/npm/bin/npm-cli.js" "--globalconfig" "/Users/lildude/.atom/.apm/.apmrc" "--userconfig" "/Users/lildude/.atom/.apmrc" "rebuild" "--target=0.30.7" "--arch=x64"
334 error node v0.10.40
335 error npm  v2.13.3
336 error code ELIFECYCLE
337 error pathwatcher@4.4.0 install: `node-gyp rebuild`
337 error Exit status 1
338 error Failed at the pathwatcher@4.4.0 install script 'node-gyp rebuild'.
338 error This is most likely a problem with the pathwatcher package,
338 error not with npm itself.
338 error Tell the author that this fails on your system:
338 error     node-gyp rebuild
338 error You can get their info via:
338 error     npm owner ls pathwatcher
338 error There is likely additional logging output above.
339 verbose exit [ 1, true ]
